# JRE version: Java(TM) SE Runtime Environment (7.0_40-b43) (build 1.7.0_40-b43)
# Java VM: Java HotSpot(TM) 64-Bit Server VM (24.0-b56 mixed mode windows-amd64 compressed oops)
Heap
 PSYoungGen      total 115712K, used 15785K [0x00000000f5500000, 0x0000000100000000, 0x0000000100000000)
  eden space 57344K, 27% used [0x00000000f5500000,0x00000000f646a710,0x00000000f8d00000)
  from space 58368K, 0% used [0x00000000f8d00000,0x00000000f8d00000,0x00000000fc600000)
  to   space 58368K, 0% used [0x00000000fc700000,0x00000000fc700000,0x0000000100000000)
 ParOldGen       total 74752K, used 74703K [0x00000000e0000000, 0x00000000e4900000, 0x00000000f5500000)
  object space 74752K, 99% used [0x00000000e0000000,0x00000000e48f3f70,0x00000000e4900000)
 PSPermGen       total 55808K, used 31355K [0x00000000dae00000, 0x00000000de480000, 0x00000000e0000000)
  object space 55808K, 56% used [0x00000000dae00000,0x00000000dcc9ed30,0x00000000de480000)
GC Heap History (10 events):
Event: 14.259 GC heap before
{Heap before GC invocations=16 (full 1):
 PSYoungGen      total 109568K, used 87625K [0x00000000f5500000, 0x00000000ff480000, 0x0000000100000000)
  eden space 57344K, 100% used [0x00000000f5500000,0x00000000f8d00000,0x00000000f8d00000)
  from space 52224K, 57% used [0x00000000fc080000,0x00000000fde127e0,0x00000000ff380000)
  to   space 52736K, 0% used [0x00000000f8d00000,0x00000000f8d00000,0x00000000fc080000)
 ParOldGen       total 74752K, used 51599K [0x00000000e0000000, 0x00000000e4900000, 0x00000000f5500000)
  object space 74752K, 69% used [0x00000000e0000000,0x00000000e3263c50,0x00000000e4900000)
 PSPermGen       total 28672K, used 28218K [0x00000000dae00000, 0x00000000dca00000, 0x00000000e0000000)
  object space 28672K, 98% used [0x00000000dae00000,0x00000000dc98ea28,0x00000000dca00000)
Event: 14.299 GC heap after
Heap after GC invocations=16 (full 1):
 PSYoungGen      total 110080K, used 30879K [0x00000000f5500000, 0x00000000ff980000, 0x0000000100000000)
  eden space 57344K, 0% used [0x00000000f5500000,0x00000000f5500000,0x00000000f8d00000)
  from space 52736K, 58% used [0x00000000f8d00000,0x00000000fab27f40,0x00000000fc080000)
  to   space 52736K, 0% used [0x00000000fc600000,0x00000000fc600000,0x00000000ff980000)
 ParOldGen       total 74752K, used 51607K [0x00000000e0000000, 0x00000000e4900000, 0x00000000f5500000)
  object space 74752K, 69% used [0x00000000e0000000,0x00000000e3265c50,0x00000000e4900000)
 PSPermGen       total 28672K, used 28218K [0x00000000dae00000, 0x00000000dca00000, 0x00000000e0000000)
  object space 28672K, 98% used [0x00000000dae00000,0x00000000dc98ea28,0x00000000dca00000)
}
Event: 15.797 GC heap before
{Heap before GC invocations=17 (full 1):
 PSYoungGen      total 110080K, used 88223K [0x00000000f5500000, 0x00000000ff980000, 0x0000000100000000)
  eden space 57344K, 100% used [0x00000000f5500000,0x00000000f8d00000,0x00000000f8d00000)
  from space 52736K, 58% used [0x00000000f8d00000,0x00000000fab27f40,0x00000000fc080000)
  to   space 52736K, 0% used [0x00000000fc600000,0x00000000fc600000,0x00000000ff980000)
 ParOldGen       total 74752K, used 51607K [0x00000000e0000000, 0x00000000e4900000, 0x00000000f5500000)
  object space 74752K, 69% used [0x00000000e0000000,0x00000000e3265c50,0x00000000e4900000)
 PSPermGen       total 29184K, used 29013K [0x00000000dae00000, 0x00000000dca80000, 0x00000000e0000000)
  object space 29184K, 99% used [0x00000000dae00000,0x00000000dca55640,0x00000000dca80000)
Event: 15.855 GC heap after
Heap after GC invocations=17 (full 1):
 PSYoungGen      total 110080K, used 51083K [0x00000000f5500000, 0x0000000100000000, 0x0000000100000000)
  eden space 57344K, 0% used [0x00000000f5500000,0x00000000f5500000,0x00000000f8d00000)
  from space 52736K, 96% used [0x00000000fc600000,0x00000000ff7e2ef0,0x00000000ff980000)
  to   space 58368K, 0% used [0x00000000f8d00000,0x00000000f8d00000,0x00000000fc600000)
 ParOldGen       total 74752K, used 51607K [0x00000000e0000000, 0x00000000e4900000, 0x00000000f5500000)
  object space 74752K, 69% used [0x00000000e0000000,0x00000000e3265c50,0x00000000e4900000)
 PSPermGen       total 29184K, used 29013K [0x00000000dae00000, 0x00000000dca80000, 0x00000000e0000000)
  object space 29184K, 99% used [0x00000000dae00000,0x00000000dca55640,0x00000000dca80000)
}
Event: 17.200 GC heap before
{Heap before GC invocations=18 (full 1):
 PSYoungGen      total 110080K, used 108427K [0x00000000f5500000, 0x0000000100000000, 0x0000000100000000)
  eden space 57344K, 100% used [0x00000000f5500000,0x00000000f8d00000,0x00000000f8d00000)
  from space 52736K, 96% used [0x00000000fc600000,0x00000000ff7e2ef0,0x00000000ff980000)
  to   space 58368K, 0% used [0x00000000f8d00000,0x00000000f8d00000,0x00000000fc600000)
 ParOldGen       total 74752K, used 51607K [0x00000000e0000000, 0x00000000e4900000, 0x00000000f5500000)
  object space 74752K, 69% used [0x00000000e0000000,0x00000000e3265c50,0x00000000e4900000)
 PSPermGen       total 29696K, used 29570K [0x00000000dae00000, 0x00000000dcb00000, 0x00000000e0000000)
  object space 29696K, 99% used [0x00000000dae00000,0x00000000dcae0898,0x00000000dcb00000)
Event: 17.307 GC heap after
Heap after GC invocations=18 (full 1):
 PSYoungGen      total 115712K, used 54788K [0x00000000f5500000, 0x0000000100000000, 0x0000000100000000)
  eden space 57344K, 0% used [0x00000000f5500000,0x00000000f5500000,0x00000000f8d00000)
  from space 58368K, 93% used [0x00000000f8d00000,0x00000000fc281180,0x00000000fc600000)
  to   space 58368K, 0% used [0x00000000fc700000,0x00000000fc700000,0x0000000100000000)
 ParOldGen       total 74752K, used 61283K [0x00000000e0000000, 0x00000000e4900000, 0x00000000f5500000)
  object space 74752K, 81% used [0x00000000e0000000,0x00000000e3bd8cb0,0x00000000e4900000)
 PSPermGen       total 29696K, used 29570K [0x00000000dae00000, 0x00000000dcb00000, 0x00000000e0000000)
  object space 29696K, 99% used [0x00000000dae00000,0x00000000dcae0898,0x00000000dcb00000)
}
Event: 17.307 GC heap before
{Heap before GC invocations=19 (full 2):
 PSYoungGen      total 115712K, used 54788K [0x00000000f5500000, 0x0000000100000000, 0x0000000100000000)
  eden space 57344K, 0% used [0x00000000f5500000,0x00000000f5500000,0x00000000f8d00000)
  from space 58368K, 93% used [0x00000000f8d00000,0x00000000fc281180,0x00000000fc600000)
  to   space 58368K, 0% used [0x00000000fc700000,0x00000000fc700000,0x0000000100000000)
 ParOldGen       total 74752K, used 61283K [0x00000000e0000000, 0x00000000e4900000, 0x00000000f5500000)
  object space 74752K, 81% used [0x00000000e0000000,0x00000000e3bd8cb0,0x00000000e4900000)
 PSPermGen       total 29696K, used 29570K [0x00000000dae00000, 0x00000000dcb00000, 0x00000000e0000000)
  object space 29696K, 99% used [0x00000000dae00000,0x00000000dcae0898,0x00000000dcb00000)
Event: 18.002 GC heap after
Heap after GC invocations=19 (full 2):
 PSYoungGen      total 115712K, used 30679K [0x00000000f5500000, 0x0000000100000000, 0x0000000100000000)
  eden space 57344K, 0% used [0x00000000f5500000,0x00000000f5500000,0x00000000f8d00000)
  from space 58368K, 52% used [0x00000000f8d00000,0x00000000faaf5ff8,0x00000000fc600000)
  to   space 58368K, 0% used [0x00000000fc700000,0x00000000fc700000,0x0000000100000000)
 ParOldGen       total 74752K, used 74251K [0x00000000e0000000, 0x00000000e4900000, 0x00000000f5500000)
  object space 74752K, 99% used [0x00000000e0000000,0x00000000e4882ff8,0x00000000e4900000)
 PSPermGen       total 52224K, used 29560K [0x00000000dae00000, 0x00000000de100000, 0x00000000e0000000)
  object space 52224K, 56% used [0x00000000dae00000,0x00000000dcade100,0x00000000de100000)
}
Event: 20.006 GC heap before
{Heap before GC invocations=20 (full 3):
 PSYoungGen      total 115712K, used 88023K [0x00000000f5500000, 0x0000000100000000, 0x0000000100000000)
  eden space 57344K, 100% used [0x00000000f5500000,0x00000000f8d00000,0x00000000f8d00000)
  from space 58368K, 52% used [0x00000000f8d00000,0x00000000faaf5ff8,0x00000000fc600000)
  to   space 58368K, 0% used [0x00000000fc700000,0x00000000fc700000,0x0000000100000000)
 ParOldGen       total 74752K, used 74251K [0x00000000e0000000, 0x00000000e4900000, 0x00000000f5500000)
  object space 74752K, 99% used [0x00000000e0000000,0x00000000e4882ff8,0x00000000e4900000)
 PSPermGen       total 52224K, used 31278K [0x00000000dae00000, 0x00000000de100000, 0x00000000e0000000)
  object space 52224K, 59% used [0x00000000dae00000,0x00000000dcc8ba30,0x00000000de100000)
Event: 20.712 GC heap after
Heap after GC invocations=20 (full 3):
 PSYoungGen      total 115712K, used 9204K [0x00000000f5500000, 0x0000000100000000, 0x0000000100000000)
  eden space 57344K, 16% used [0x00000000f5500000,0x00000000f5dfd118,0x00000000f8d00000)
  from space 58368K, 0% used [0x00000000f8d00000,0x00000000f8d00000,0x00000000fc600000)
  to   space 58368K, 0% used [0x00000000fc700000,0x00000000fc700000,0x0000000100000000)
 ParOldGen       total 74752K, used 74703K [0x00000000e0000000, 0x00000000e4900000, 0x00000000f5500000)
  object space 74752K, 99% used [0x00000000e0000000,0x00000000e48f3f70,0x00000000e4900000)
 PSPermGen       total 55808K, used 31274K [0x00000000dae00000, 0x00000000de480000, 0x00000000e0000000)
  object space 55808K, 56% used [0x00000000dae00000,0x00000000dcc8ab58,0x00000000de480000)
}

