# JRE version: Java(TM) SE Runtime Environment (7.0_40-b43) (build 1.7.0_40-b43)
# Java VM: Java HotSpot(TM) 64-Bit Server VM (24.0-b56 mixed mode windows-amd64 compressed oops)
Heap
 PSYoungGen      total 68096K, used 33434K [0x00000000f5500000, 0x0000000100000000, 0x0000000100000000)
  eden space 65536K, 51% used [0x00000000f5500000,0x00000000f75a6a38,0x00000000f9500000)
  from space 2560K, 0% used [0x00000000f9500000,0x00000000f9500000,0x00000000f9780000)
  to   space 30208K, 0% used [0x00000000fe280000,0x00000000fe280000,0x0000000100000000)
 ParOldGen       total 100864K, used 44967K [0x00000000e0000000, 0x00000000e6280000, 0x00000000f5500000)
  object space 100864K, 44% used [0x00000000e0000000,0x00000000e2be9c48,0x00000000e6280000)
 PSPermGen       total 21504K, used 17482K [0x00000000dae00000, 0x00000000dc300000, 0x00000000e0000000)
  object space 21504K, 81% used [0x00000000dae00000,0x00000000dbf12980,0x00000000dc300000)
GC Heap History (10 events):
Event: 1.008 GC heap before
{Heap before GC invocations=2 (full 0):
 PSYoungGen      total 18944K, used 18921K [0x00000000f5500000, 0x00000000f7a00000, 0x0000000100000000)
  eden space 16384K, 100% used [0x00000000f5500000,0x00000000f6500000,0x00000000f6500000)
  from space 2560K, 99% used [0x00000000f6500000,0x00000000f677a6a8,0x00000000f6780000)
  to   space 2560K, 0% used [0x00000000f7780000,0x00000000f7780000,0x00000000f7a00000)
 ParOldGen       total 42496K, used 203K [0x00000000e0000000, 0x00000000e2980000, 0x00000000f5500000)
  object space 42496K, 0% used [0x00000000e0000000,0x00000000e0032f30,0x00000000e2980000)
 PSPermGen       total 21504K, used 9472K [0x00000000dae00000, 0x00000000dc300000, 0x00000000e0000000)
  object space 21504K, 44% used [0x00000000dae00000,0x00000000db740160,0x00000000dc300000)
Event: 1.018 GC heap after
Heap after GC invocations=2 (full 0):
 PSYoungGen      total 35328K, used 2544K [0x00000000f5500000, 0x00000000f7a00000, 0x0000000100000000)
  eden space 32768K, 0% used [0x00000000f5500000,0x00000000f5500000,0x00000000f7500000)
  from space 2560K, 99% used [0x00000000f7780000,0x00000000f79fc020,0x00000000f7a00000)
  to   space 2560K, 0% used [0x00000000f7500000,0x00000000f7500000,0x00000000f7780000)
 ParOldGen       total 42496K, used 1667K [0x00000000e0000000, 0x00000000e2980000, 0x00000000f5500000)
  object space 42496K, 3% used [0x00000000e0000000,0x00000000e01a0d20,0x00000000e2980000)
 PSPermGen       total 21504K, used 9472K [0x00000000dae00000, 0x00000000dc300000, 0x00000000e0000000)
  object space 21504K, 44% used [0x00000000dae00000,0x00000000db740160,0x00000000dc300000)
}
Event: 1.660 GC heap before
{Heap before GC invocations=3 (full 0):
 PSYoungGen      total 35328K, used 35312K [0x00000000f5500000, 0x00000000f7a00000, 0x0000000100000000)
  eden space 32768K, 100% used [0x00000000f5500000,0x00000000f7500000,0x00000000f7500000)
  from space 2560K, 99% used [0x00000000f7780000,0x00000000f79fc020,0x00000000f7a00000)
  to   space 2560K, 0% used [0x00000000f7500000,0x00000000f7500000,0x00000000f7780000)
 ParOldGen       total 42496K, used 1667K [0x00000000e0000000, 0x00000000e2980000, 0x00000000f5500000)
  object space 42496K, 3% used [0x00000000e0000000,0x00000000e01a0d20,0x00000000e2980000)
 PSPermGen       total 21504K, used 11813K [0x00000000dae00000, 0x00000000dc300000, 0x00000000e0000000)
  object space 21504K, 54% used [0x00000000dae00000,0x00000000db9894c0,0x00000000dc300000)
Event: 1.672 GC heap after
Heap after GC invocations=3 (full 0):
 PSYoungGen      total 35328K, used 2558K [0x00000000f5500000, 0x00000000f9a00000, 0x0000000100000000)
  eden space 32768K, 0% used [0x00000000f5500000,0x00000000f5500000,0x00000000f7500000)
  from space 2560K, 99% used [0x00000000f7500000,0x00000000f777f850,0x00000000f7780000)
  to   space 2560K, 0% used [0x00000000f9780000,0x00000000f9780000,0x00000000f9a00000)
 ParOldGen       total 42496K, used 8146K [0x00000000e0000000, 0x00000000e2980000, 0x00000000f5500000)
  object space 42496K, 19% used [0x00000000e0000000,0x00000000e07f4918,0x00000000e2980000)
 PSPermGen       total 21504K, used 11813K [0x00000000dae00000, 0x00000000dc300000, 0x00000000e0000000)
  object space 21504K, 54% used [0x00000000dae00000,0x00000000db9894c0,0x00000000dc300000)
}
Event: 1.938 GC heap before
{Heap before GC invocations=4 (full 0):
 PSYoungGen      total 35328K, used 35326K [0x00000000f5500000, 0x00000000f9a00000, 0x0000000100000000)
  eden space 32768K, 100% used [0x00000000f5500000,0x00000000f7500000,0x00000000f7500000)
  from space 2560K, 99% used [0x00000000f7500000,0x00000000f777f850,0x00000000f7780000)
  to   space 2560K, 0% used [0x00000000f9780000,0x00000000f9780000,0x00000000f9a00000)
 ParOldGen       total 42496K, used 8146K [0x00000000e0000000, 0x00000000e2980000, 0x00000000f5500000)
  object space 42496K, 19% used [0x00000000e0000000,0x00000000e07f4918,0x00000000e2980000)
 PSPermGen       total 21504K, used 12111K [0x00000000dae00000, 0x00000000dc300000, 0x00000000e0000000)
  object space 21504K, 56% used [0x00000000dae00000,0x00000000db9d3d10,0x00000000dc300000)
Event: 1.958 GC heap after
Heap after GC invocations=4 (full 0):
 PSYoungGen      total 68096K, used 2528K [0x00000000f5500000, 0x00000000f9a00000, 0x0000000100000000)
  eden space 65536K, 0% used [0x00000000f5500000,0x00000000f5500000,0x00000000f9500000)
  from space 2560K, 98% used [0x00000000f9780000,0x00000000f99f8010,0x00000000f9a00000)
  to   space 2560K, 0% used [0x00000000f9500000,0x00000000f9500000,0x00000000f9780000)
 ParOldGen       total 42496K, used 21083K [0x00000000e0000000, 0x00000000e2980000, 0x00000000f5500000)
  object space 42496K, 49% used [0x00000000e0000000,0x00000000e1496fc0,0x00000000e2980000)
 PSPermGen       total 21504K, used 12111K [0x00000000dae00000, 0x00000000dc300000, 0x00000000e0000000)
  object space 21504K, 56% used [0x00000000dae00000,0x00000000db9d3d10,0x00000000dc300000)
}
Event: 2.624 GC heap before
{Heap before GC invocations=5 (full 0):
 PSYoungGen      total 68096K, used 68064K [0x00000000f5500000, 0x00000000f9a00000, 0x0000000100000000)
  eden space 65536K, 100% used [0x00000000f5500000,0x00000000f9500000,0x00000000f9500000)
  from space 2560K, 98% used [0x00000000f9780000,0x00000000f99f8010,0x00000000f9a00000)
  to   space 2560K, 0% used [0x00000000f9500000,0x00000000f9500000,0x00000000f9780000)
 ParOldGen       total 42496K, used 21083K [0x00000000e0000000, 0x00000000e2980000, 0x00000000f5500000)
  object space 42496K, 49% used [0x00000000e0000000,0x00000000e1496fc0,0x00000000e2980000)
 PSPermGen       total 21504K, used 15202K [0x00000000dae00000, 0x00000000dc300000, 0x00000000e0000000)
  object space 21504K, 70% used [0x00000000dae00000,0x00000000dbcd8910,0x00000000dc300000)
Event: 2.666 GC heap after
Heap after GC invocations=5 (full 0):
 PSYoungGen      total 68096K, used 2544K [0x00000000f5500000, 0x0000000100000000, 0x0000000100000000)
  eden space 65536K, 0% used [0x00000000f5500000,0x00000000f5500000,0x00000000f9500000)
  from space 2560K, 99% used [0x00000000f9500000,0x00000000f977c070,0x00000000f9780000)
  to   space 30208K, 0% used [0x00000000fe280000,0x00000000fe280000,0x0000000100000000)
 ParOldGen       total 48128K, used 47951K [0x00000000e0000000, 0x00000000e2f00000, 0x00000000f5500000)
  object space 48128K, 99% used [0x00000000e0000000,0x00000000e2ed3cd0,0x00000000e2f00000)
 PSPermGen       total 21504K, used 15202K [0x00000000dae00000, 0x00000000dc300000, 0x00000000e0000000)
  object space 21504K, 70% used [0x00000000dae00000,0x00000000dbcd8910,0x00000000dc300000)
}
Event: 2.666 GC heap before
{Heap before GC invocations=6 (full 1):
 PSYoungGen      total 68096K, used 2544K [0x00000000f5500000, 0x0000000100000000, 0x0000000100000000)
  eden space 65536K, 0% used [0x00000000f5500000,0x00000000f5500000,0x00000000f9500000)
  from space 2560K, 99% used [0x00000000f9500000,0x00000000f977c070,0x00000000f9780000)
  to   space 30208K, 0% used [0x00000000fe280000,0x00000000fe280000,0x0000000100000000)
 ParOldGen       total 48128K, used 47951K [0x00000000e0000000, 0x00000000e2f00000, 0x00000000f5500000)
  object space 48128K, 99% used [0x00000000e0000000,0x00000000e2ed3cd0,0x00000000e2f00000)
 PSPermGen       total 21504K, used 15202K [0x00000000dae00000, 0x00000000dc300000, 0x00000000e0000000)
  object space 21504K, 70% used [0x00000000dae00000,0x00000000dbcd8910,0x00000000dc300000)
Event: 2.972 GC heap after
Heap after GC invocations=6 (full 1):
 PSYoungGen      total 68096K, used 0K [0x00000000f5500000, 0x0000000100000000, 0x0000000100000000)
  eden space 65536K, 0% used [0x00000000f5500000,0x00000000f5500000,0x00000000f9500000)
  from space 2560K, 0% used [0x00000000f9500000,0x00000000f9500000,0x00000000f9780000)
  to   space 30208K, 0% used [0x00000000fe280000,0x00000000fe280000,0x0000000100000000)
 ParOldGen       total 100864K, used 44967K [0x00000000e0000000, 0x00000000e6280000, 0x00000000f5500000)
  object space 100864K, 44% used [0x00000000e0000000,0x00000000e2be9c48,0x00000000e6280000)
 PSPermGen       total 21504K, used 15197K [0x00000000dae00000, 0x00000000dc300000, 0x00000000e0000000)
  object space 21504K, 70% used [0x00000000dae00000,0x00000000dbcd7568,0x00000000dc300000)
}

