# JRE version: Java(TM) SE Runtime Environment (7.0_40-b43) (build 1.7.0_40-b43)
# Java VM: Java HotSpot(TM) 64-Bit Server VM (24.0-b56 mixed mode windows-amd64 compressed oops)
Heap
 PSYoungGen      total 124928K, used 83432K [0x00000000f5500000, 0x0000000100000000, 0x0000000100000000)
  eden space 76800K, 45% used [0x00000000f5500000,0x00000000f777ba38,0x00000000fa000000)
  from space 48128K, 99% used [0x00000000fa000000,0x00000000fcefe708,0x00000000fcf00000)
  to   space 50176K, 0% used [0x00000000fcf00000,0x00000000fcf00000,0x0000000100000000)
 ParOldGen       total 100352K, used 49971K [0x00000000e0000000, 0x00000000e6200000, 0x00000000f5500000)
  object space 100352K, 49% used [0x00000000e0000000,0x00000000e30ccee8,0x00000000e6200000)
 PSPermGen       total 31232K, used 28744K [0x00000000dae00000, 0x00000000dcc80000, 0x00000000e0000000)
  object space 31232K, 92% used [0x00000000dae00000,0x00000000dca123a0,0x00000000dcc80000)
GC Heap History (10 events):
Event: 14.726 GC heap before
{Heap before GC invocations=12 (full 1):
 PSYoungGen      total 123904K, used 110272K [0x00000000f5500000, 0x0000000100000000, 0x0000000100000000)
  eden space 82944K, 100% used [0x00000000f5500000,0x00000000fa600000,0x00000000fa600000)
  from space 40960K, 66% used [0x00000000fd800000,0x00000000ff2b00e0,0x0000000100000000)
  to   space 46080K, 0% used [0x00000000fa600000,0x00000000fa600000,0x00000000fd300000)
 ParOldGen       total 100352K, used 45557K [0x00000000e0000000, 0x00000000e6200000, 0x00000000f5500000)
  object space 100352K, 45% used [0x00000000e0000000,0x00000000e2c7d640,0x00000000e6200000)
 PSPermGen       total 31232K, used 23760K [0x00000000dae00000, 0x00000000dcc80000, 0x00000000e0000000)
  object space 31232K, 76% used [0x00000000dae00000,0x00000000dc534358,0x00000000dcc80000)
Event: 14.756 GC heap after
Heap after GC invocations=12 (full 1):
 PSYoungGen      total 116736K, used 33520K [0x00000000f5500000, 0x0000000100000000, 0x0000000100000000)
  eden space 82944K, 0% used [0x00000000f5500000,0x00000000f5500000,0x00000000fa600000)
  from space 33792K, 99% used [0x00000000fa600000,0x00000000fc6bc0c0,0x00000000fc700000)
  to   space 48128K, 0% used [0x00000000fd100000,0x00000000fd100000,0x0000000100000000)
 ParOldGen       total 100352K, used 45557K [0x00000000e0000000, 0x00000000e6200000, 0x00000000f5500000)
  object space 100352K, 45% used [0x00000000e0000000,0x00000000e2c7d640,0x00000000e6200000)
 PSPermGen       total 31232K, used 23760K [0x00000000dae00000, 0x00000000dcc80000, 0x00000000e0000000)
  object space 31232K, 76% used [0x00000000dae00000,0x00000000dc534358,0x00000000dcc80000)
}
Event: 16.450 GC heap before
{Heap before GC invocations=13 (full 1):
 PSYoungGen      total 116736K, used 116464K [0x00000000f5500000, 0x0000000100000000, 0x0000000100000000)
  eden space 82944K, 100% used [0x00000000f5500000,0x00000000fa600000,0x00000000fa600000)
  from space 33792K, 99% used [0x00000000fa600000,0x00000000fc6bc0c0,0x00000000fc700000)
  to   space 48128K, 0% used [0x00000000fd100000,0x00000000fd100000,0x0000000100000000)
 ParOldGen       total 100352K, used 45557K [0x00000000e0000000, 0x00000000e6200000, 0x00000000f5500000)
  object space 100352K, 45% used [0x00000000e0000000,0x00000000e2c7d640,0x00000000e6200000)
 PSPermGen       total 31232K, used 23769K [0x00000000dae00000, 0x00000000dcc80000, 0x00000000e0000000)
  object space 31232K, 76% used [0x00000000dae00000,0x00000000dc536430,0x00000000dcc80000)
Event: 16.468 GC heap after
Heap after GC invocations=13 (full 1):
 PSYoungGen      total 129536K, used 20460K [0x00000000f5500000, 0x0000000100000000, 0x0000000100000000)
  eden space 81408K, 0% used [0x00000000f5500000,0x00000000f5500000,0x00000000fa480000)
  from space 48128K, 42% used [0x00000000fd100000,0x00000000fe4fb0d0,0x0000000100000000)
  to   space 45568K, 0% used [0x00000000fa480000,0x00000000fa480000,0x00000000fd100000)
 ParOldGen       total 100352K, used 45557K [0x00000000e0000000, 0x00000000e6200000, 0x00000000f5500000)
  object space 100352K, 45% used [0x00000000e0000000,0x00000000e2c7d640,0x00000000e6200000)
 PSPermGen       total 31232K, used 23769K [0x00000000dae00000, 0x00000000dcc80000, 0x00000000e0000000)
  object space 31232K, 76% used [0x00000000dae00000,0x00000000dc536430,0x00000000dcc80000)
}
Event: 17.774 GC heap before
{Heap before GC invocations=14 (full 1):
 PSYoungGen      total 129536K, used 101868K [0x00000000f5500000, 0x0000000100000000, 0x0000000100000000)
  eden space 81408K, 100% used [0x00000000f5500000,0x00000000fa480000,0x00000000fa480000)
  from space 48128K, 42% used [0x00000000fd100000,0x00000000fe4fb0d0,0x0000000100000000)
  to   space 45568K, 0% used [0x00000000fa480000,0x00000000fa480000,0x00000000fd100000)
 ParOldGen       total 100352K, used 45557K [0x00000000e0000000, 0x00000000e6200000, 0x00000000f5500000)
  object space 100352K, 45% used [0x00000000e0000000,0x00000000e2c7d640,0x00000000e6200000)
 PSPermGen       total 31232K, used 24115K [0x00000000dae00000, 0x00000000dcc80000, 0x00000000e0000000)
  object space 31232K, 77% used [0x00000000dae00000,0x00000000dc58cfe8,0x00000000dcc80000)
Event: 17.792 GC heap after
Heap after GC invocations=14 (full 1):
 PSYoungGen      total 100864K, used 18995K [0x00000000f5500000, 0x00000000ff980000, 0x0000000100000000)
  eden space 81408K, 0% used [0x00000000f5500000,0x00000000f5500000,0x00000000fa480000)
  from space 19456K, 97% used [0x00000000fa480000,0x00000000fb70cc28,0x00000000fb780000)
  to   space 43520K, 0% used [0x00000000fcf00000,0x00000000fcf00000,0x00000000ff980000)
 ParOldGen       total 100352K, used 45557K [0x00000000e0000000, 0x00000000e6200000, 0x00000000f5500000)
  object space 100352K, 45% used [0x00000000e0000000,0x00000000e2c7d640,0x00000000e6200000)
 PSPermGen       total 31232K, used 24115K [0x00000000dae00000, 0x00000000dcc80000, 0x00000000e0000000)
  object space 31232K, 77% used [0x00000000dae00000,0x00000000dc58cfe8,0x00000000dcc80000)
}
Event: 19.731 GC heap before
{Heap before GC invocations=15 (full 1):
 PSYoungGen      total 100864K, used 100403K [0x00000000f5500000, 0x00000000ff980000, 0x0000000100000000)
  eden space 81408K, 100% used [0x00000000f5500000,0x00000000fa480000,0x00000000fa480000)
  from space 19456K, 97% used [0x00000000fa480000,0x00000000fb70cc28,0x00000000fb780000)
  to   space 43520K, 0% used [0x00000000fcf00000,0x00000000fcf00000,0x00000000ff980000)
 ParOldGen       total 100352K, used 45557K [0x00000000e0000000, 0x00000000e6200000, 0x00000000f5500000)
  object space 100352K, 45% used [0x00000000e0000000,0x00000000e2c7d640,0x00000000e6200000)
 PSPermGen       total 31232K, used 26893K [0x00000000dae00000, 0x00000000dcc80000, 0x00000000e0000000)
  object space 31232K, 86% used [0x00000000dae00000,0x00000000dc8436a0,0x00000000dcc80000)
Event: 19.784 GC heap after
Heap after GC invocations=15 (full 1):
 PSYoungGen      total 120320K, used 38592K [0x00000000f5500000, 0x0000000100000000, 0x0000000100000000)
  eden space 76800K, 0% used [0x00000000f5500000,0x00000000f5500000,0x00000000fa000000)
  from space 43520K, 88% used [0x00000000fcf00000,0x00000000ff4b0240,0x00000000ff980000)
  to   space 48128K, 0% used [0x00000000fa000000,0x00000000fa000000,0x00000000fcf00000)
 ParOldGen       total 100352K, used 45557K [0x00000000e0000000, 0x00000000e6200000, 0x00000000f5500000)
  object space 100352K, 45% used [0x00000000e0000000,0x00000000e2c7d640,0x00000000e6200000)
 PSPermGen       total 31232K, used 26893K [0x00000000dae00000, 0x00000000dcc80000, 0x00000000e0000000)
  object space 31232K, 86% used [0x00000000dae00000,0x00000000dc8436a0,0x00000000dcc80000)
}
Event: 21.386 GC heap before
{Heap before GC invocations=16 (full 1):
 PSYoungGen      total 120320K, used 115392K [0x00000000f5500000, 0x0000000100000000, 0x0000000100000000)
  eden space 76800K, 100% used [0x00000000f5500000,0x00000000fa000000,0x00000000fa000000)
  from space 43520K, 88% used [0x00000000fcf00000,0x00000000ff4b0240,0x00000000ff980000)
  to   space 48128K, 0% used [0x00000000fa000000,0x00000000fa000000,0x00000000fcf00000)
 ParOldGen       total 100352K, used 45557K [0x00000000e0000000, 0x00000000e6200000, 0x00000000f5500000)
  object space 100352K, 45% used [0x00000000e0000000,0x00000000e2c7d640,0x00000000e6200000)
 PSPermGen       total 31232K, used 27382K [0x00000000dae00000, 0x00000000dcc80000, 0x00000000e0000000)
  object space 31232K, 87% used [0x00000000dae00000,0x00000000dc8bdaa0,0x00000000dcc80000)
Event: 21.460 GC heap after
Heap after GC invocations=16 (full 1):
 PSYoungGen      total 124928K, used 48121K [0x00000000f5500000, 0x0000000100000000, 0x0000000100000000)
  eden space 76800K, 0% used [0x00000000f5500000,0x00000000f5500000,0x00000000fa000000)
  from space 48128K, 99% used [0x00000000fa000000,0x00000000fcefe708,0x00000000fcf00000)
  to   space 50176K, 0% used [0x00000000fcf00000,0x00000000fcf00000,0x0000000100000000)
 ParOldGen       total 100352K, used 49971K [0x00000000e0000000, 0x00000000e6200000, 0x00000000f5500000)
  object space 100352K, 49% used [0x00000000e0000000,0x00000000e30ccee8,0x00000000e6200000)
 PSPermGen       total 31232K, used 27382K [0x00000000dae00000, 0x00000000dcc80000, 0x00000000e0000000)
  object space 31232K, 87% used [0x00000000dae00000,0x00000000dc8bdaa0,0x00000000dcc80000)
}

